<?xml version="1.0" encoding="UTF-8"?>
<!-- Generated by org.testng.reporters.JUnitXMLReporter -->
<testsuite hostname="Govind-PC" ignored="0" name="Test" tests="3" failures="0" timestamp="30 Jan 2019 13:36:29 GMT" time="91.404" errors="0">
  <testcase name="testActiTimeInfo" time="26.512" classname="com.exampleActiTime.testCase.ActiTimeInfo"/>
  <testcase name="testNewBillingType" time="35.392" classname="com.exampleActiTime.testCase.Create_New_BillingType"/>
  <testcase name="testErrorMessage" time="29.44" classname="com.exampleActiTime.testCase.Verify_ErrorMessage"/>
</testsuite> <!-- Test -->
