<?xml version="1.0" encoding="UTF-8"?>
<!-- Generated by org.testng.reporters.JUnitXMLReporter -->
<testsuite hostname="Govind-PC" ignored="0" name="Test" tests="3" failures="0" timestamp="30 Jan 2019 13:53:39 GMT" time="284.247" errors="0">
  <testcase name="testActiTimeInfo" time="78.071" classname="com.exampleActiTime.testCase.ActiTimeInfo"/>
  <testcase name="testNewBillingType" time="119.201" classname="com.exampleActiTime.testCase.Create_New_BillingType"/>
  <testcase name="testErrorMessage" time="86.938" classname="com.exampleActiTime.testCase.Verify_ErrorMessage"/>
</testsuite> <!-- Test -->
